TN:
SF:carrinho.js
FN:2,(anonymous_0)
FN:9,(anonymous_1)
FN:13,(anonymous_2)
FN:17,(anonymous_3)
FN:19,(anonymous_4)
FN:25,(anonymous_5)
FNF:6
FNH:6
FNDA:7,(anonymous_0)
FNDA:6,(anonymous_1)
FNDA:3,(anonymous_2)
FNDA:3,(anonymous_3)
FNDA:6,(anonymous_4)
FNDA:3,(anonymous_5)
DA:3,7
DA:4,7
DA:5,7
DA:6,7
DA:10,6
DA:14,3
DA:18,3
DA:19,6
DA:22,3
DA:26,3
DA:27,1
DA:30,2
DA:32,2
LF:13
LH:13
BRDA:26,0,0,1
BRDA:26,0,1,2
BRF:2
BRH:2
end_of_record
TN:
SF:item.js
FN:2,(anonymous_0)
FN:8,(anonymous_1)
FNF:2
FNH:2
FNDA:8,(anonymous_0)
FNDA:7,(anonymous_1)
DA:3,8
DA:4,8
DA:5,8
DA:9,7
LF:4
LH:4
BRF:0
BRH:0
end_of_record
